<?xml version="1.0" ?>
<!DOCTYPE coverage SYSTEM "http://cobertura.sourceforge.net/xml/coverage-04.dtd">
<coverage lines-valid="2" lines-covered="2" line-rate="1" branches-valid="0" branches-covered="0" branch-rate="1" timestamp="1604057770177" complexity="0" version="0.1">
  <sources>
    <source>/Users/michael/dev/workshops/ecs_project_1</source>
  </sources>
  <packages>
    <class name="sum.js" filename="sum.js" line-rate="1" branch-rate="1">
      <methods>
        <method name="sum" hits="1" signature="()V">
          <lines>
            <line number="1" hits="1"/>
          </lines>
        </method>
      </methods>
      <lines>
        <line number="2" hits="1" branch="false"/>
        <line number="4" hits="1" branch="false"/>
      </lines>
    </class>
  </packages>
</coverage>
