<?xml version="1.0" ?>
<!DOCTYPE coverage SYSTEM "http://cobertura.sourceforge.net/xml/coverage-04.dtd">
<coverage lines-valid="63" lines-covered="25" line-rate="0.3968" branches-valid="4" branches-covered="0" branch-rate="0" timestamp="1604061172996" complexity="0" version="0.1">
  <sources>
    <source>/Users/michael/dev/workshops/ecs_project_1</source>
  </sources>
  <packages>
    <class name="app.js" filename="app.js" line-rate="0.377" branch-rate="0">
      <methods>
        <method name="(anonymous_0)" hits="0" signature="()V">
          <lines>
            <line number="34" hits="0"/>
          </lines>
        </method>
        <method name="(anonymous_1)" hits="0" signature="()V">
          <lines>
            <line number="35" hits="0"/>
          </lines>
        </method>
        <method name="(anonymous_2)" hits="0" signature="()V">
          <lines>
            <line number="36" hits="0"/>
          </lines>
        </method>
        <method name="(anonymous_3)" hits="0" signature="()V">
          <lines>
            <line number="45" hits="0"/>
          </lines>
        </method>
        <method name="(anonymous_4)" hits="0" signature="()V">
          <lines>
            <line number="58" hits="0"/>
          </lines>
        </method>
        <method name="(anonymous_5)" hits="0" signature="()V">
          <lines>
            <line number="70" hits="0"/>
          </lines>
        </method>
        <method name="(anonymous_6)" hits="0" signature="()V">
          <lines>
            <line number="90" hits="0"/>
          </lines>
        </method>
        <method name="(anonymous_7)" hits="0" signature="()V">
          <lines>
            <line number="95" hits="0"/>
          </lines>
        </method>
        <method name="(anonymous_8)" hits="0" signature="()V">
          <lines>
            <line number="101" hits="0"/>
          </lines>
        </method>
        <method name="getBlog" hits="0" signature="()V">
          <lines>
            <line number="107" hits="0"/>
          </lines>
        </method>
        <method name="getAllBlogs" hits="0" signature="()V">
          <lines>
            <line number="112" hits="0"/>
          </lines>
        </method>
        <method name="postBlog" hits="0" signature="()V">
          <lines>
            <line number="117" hits="0"/>
          </lines>
        </method>
        <method name="updateBlog" hits="0" signature="()V">
          <lines>
            <line number="121" hits="0"/>
          </lines>
        </method>
        <method name="deleteBlog" hits="0" signature="()V">
          <lines>
            <line number="125" hits="0"/>
          </lines>
        </method>
        <method name="(anonymous_14)" hits="0" signature="()V">
          <lines>
            <line number="129" hits="0"/>
          </lines>
        </method>
      </methods>
      <lines>
        <line number="1" hits="1" branch="false"/>
        <line number="3" hits="1" branch="false"/>
        <line number="4" hits="1" branch="false"/>
        <line number="5" hits="1" branch="false"/>
        <line number="6" hits="1" branch="false"/>
        <line number="7" hits="1" branch="false"/>
        <line number="9" hits="1" branch="false"/>
        <line number="10" hits="1" branch="false"/>
        <line number="13" hits="1" branch="false"/>
        <line number="16" hits="1" branch="false"/>
        <line number="19" hits="1" branch="false"/>
        <line number="25" hits="1" branch="false"/>
        <line number="27" hits="1" branch="false"/>
        <line number="30" hits="1" branch="false"/>
        <line number="33" hits="1" branch="false"/>
        <line number="34" hits="1" branch="false"/>
        <line number="35" hits="0" branch="false"/>
        <line number="36" hits="0" branch="false"/>
        <line number="37" hits="0" branch="true" condition-coverage="0% (0/2)"/>
        <line number="38" hits="0" branch="false"/>
        <line number="40" hits="0" branch="false"/>
        <line number="45" hits="1" branch="false"/>
        <line number="47" hits="0" branch="false"/>
        <line number="48" hits="0" branch="false"/>
        <line number="49" hits="0" branch="false"/>
        <line number="52" hits="0" branch="false"/>
        <line number="53" hits="0" branch="false"/>
        <line number="58" hits="1" branch="false"/>
        <line number="60" hits="0" branch="false"/>
        <line number="61" hits="0" branch="false"/>
        <line number="62" hits="0" branch="false"/>
        <line number="65" hits="0" branch="false"/>
        <line number="66" hits="0" branch="false"/>
        <line number="70" hits="1" branch="false"/>
        <line number="72" hits="0" branch="false"/>
        <line number="74" hits="0" branch="false"/>
        <line number="75" hits="0" branch="false"/>
        <line number="77" hits="0" branch="true" condition-coverage="0% (0/2)"/>
        <line number="78" hits="0" branch="false"/>
        <line number="82" hits="0" branch="false"/>
        <line number="85" hits="0" branch="false"/>
        <line number="86" hits="0" branch="false"/>
        <line number="90" hits="1" branch="false"/>
        <line number="91" hits="0" branch="false"/>
        <line number="92" hits="0" branch="false"/>
        <line number="95" hits="1" branch="false"/>
        <line number="96" hits="0" branch="false"/>
        <line number="97" hits="0" branch="false"/>
        <line number="98" hits="0" branch="false"/>
        <line number="101" hits="1" branch="false"/>
        <line number="102" hits="0" branch="false"/>
        <line number="103" hits="0" branch="false"/>
        <line number="104" hits="0" branch="false"/>
        <line number="108" hits="0" branch="false"/>
        <line number="109" hits="0" branch="false"/>
        <line number="113" hits="0" branch="false"/>
        <line number="114" hits="0" branch="false"/>
        <line number="118" hits="0" branch="false"/>
        <line number="122" hits="0" branch="false"/>
        <line number="126" hits="0" branch="false"/>
        <line number="129" hits="1" branch="false"/>
      </lines>
    </class>
    <class name="sum.js" filename="sum.js" line-rate="1" branch-rate="1">
      <methods>
        <method name="sum" hits="1" signature="()V">
          <lines>
            <line number="1" hits="1"/>
          </lines>
        </method>
      </methods>
      <lines>
        <line number="2" hits="1" branch="false"/>
        <line number="4" hits="1" branch="false"/>
      </lines>
    </class>
  </packages>
</coverage>
